[진입유실 방지 자동보정] LONG AAVE/USDT:USDT exit=2026-05-12 23:33:18 미매칭수량=4.00000000 orderID=3559923867163238400 tradeID=None
[진입유실 방지 자동보정] SHORT AAVE/USDT:USDT exit=2026-05-22 02:17:08 미매칭수량=11.20000000 orderID=3586345636740669440 tradeID=None
[진입유실 방지 자동보정] SHORT WLFI/USDT:USDT exit=2026-05-20 09:58:17 미매칭수량=82.00000000 orderID=3581475837464223744 tradeID=None
[진입유실 방지 자동보정] LONG WLFI/USDT:USDT exit=2026-05-24 09:10:59 미매칭수량=80.00000000 orderID=3592977027557433344 tradeID=None
[진입유실 방지 자동보정] LONG OKB/USDT:USDT exit=2026-05-31 18:57:18 미매칭수량=25.00000000 orderID=3614451154797404160 tradeID=None
[진입유실 방지 자동보정] SHORT OKB/USDT:USDT exit=2026-06-21 03:12:28 미매칭수량=22.00000000 orderID=3673430118722904064 tradeID=None
[진입유실 방지 자동보정] LONG RE/USDT:USDT exit=2026-06-24 23:21:51 미매칭수량=1.00000000 orderID=3684562219862007808 tradeID=None
[진입유실 방지 자동보정] SHORT RE/USDT:USDT exit=2026-06-30 18:07:49 미매칭수량=1.00000000 orderID=3701324632653242368 tradeID=None
[진입유실 방지 자동보정] LONG AAVE/USDT:USDT exit=2026-05-12 23:33:18 미매칭수량=4.00000000 orderID=3559923867163238400 tradeID=None
[진입유실 방지 자동보정] SHORT AAVE/USDT:USDT exit=2026-05-22 02:17:08 미매칭수량=11.20000000 orderID=3586345636740669440 tradeID=None
[진입유실 방지 자동보정] SHORT WLFI/USDT:USDT exit=2026-05-20 09:58:17 미매칭수량=82.00000000 orderID=3581475837464223744 tradeID=None
[진입유실 방지 자동보정] LONG WLFI/USDT:USDT exit=2026-05-24 09:10:59 미매칭수량=80.00000000 orderID=3592977027557433344 tradeID=None
[진입유실 방지 자동보정] LONG OKB/USDT:USDT exit=2026-05-31 18:57:18 미매칭수량=25.00000000 orderID=3614451154797404160 tradeID=None
[진입유실 방지 자동보정] SHORT OKB/USDT:USDT exit=2026-06-21 03:12:28 미매칭수량=22.00000000 orderID=3673430118722904064 tradeID=None
[진입유실 방지 자동보정] LONG RE/USDT:USDT exit=2026-06-24 23:21:51 미매칭수량=1.00000000 orderID=3684562219862007808 tradeID=None
[진입유실 방지 자동보정] SHORT RE/USDT:USDT exit=2026-06-30 18:07:49 미매칭수량=1.00000000 orderID=3701324632653242368 tradeID=None
[진입유실 방지 자동보정] LONG AAVE/USDT:USDT exit=2026-05-12 23:33:18 미매칭수량=4.00000000 orderID=3559923867163238400 tradeID=None
[진입유실 방지 자동보정] SHORT AAVE/USDT:USDT exit=2026-05-22 02:17:08 미매칭수량=11.20000000 orderID=3586345636740669440 tradeID=None
[진입유실 방지 자동보정] SHORT WLFI/USDT:USDT exit=2026-05-20 09:58:17 미매칭수량=82.00000000 orderID=3581475837464223744 tradeID=None
[진입유실 방지 자동보정] LONG WLFI/USDT:USDT exit=2026-05-24 09:10:59 미매칭수량=80.00000000 orderID=3592977027557433344 tradeID=None
[진입유실 방지 자동보정] LONG OKB/USDT:USDT exit=2026-05-31 18:57:18 미매칭수량=25.00000000 orderID=3614451154797404160 tradeID=None
[진입유실 방지 자동보정] SHORT OKB/USDT:USDT exit=2026-06-21 03:12:28 미매칭수량=22.00000000 orderID=3673430118722904064 tradeID=None
[진입유실 방지 자동보정] LONG RE/USDT:USDT exit=2026-06-24 23:21:51 미매칭수량=1.00000000 orderID=3684562219862007808 tradeID=None
[진입유실 방지 자동보정] SHORT RE/USDT:USDT exit=2026-06-30 18:07:49 미매칭수량=1.00000000 orderID=3701324632653242368 tradeID=None
[진입유실 방지 자동보정] LONG AAVE/USDT:USDT exit=2026-05-12 23:33:18 미매칭수량=4.00000000 orderID=3559923867163238400 tradeID=None
[진입유실 방지 자동보정] SHORT AAVE/USDT:USDT exit=2026-05-22 02:17:08 미매칭수량=11.20000000 orderID=3586345636740669440 tradeID=None
[진입유실 방지 자동보정] SHORT WLFI/USDT:USDT exit=2026-05-20 09:58:17 미매칭수량=82.00000000 orderID=3581475837464223744 tradeID=None
[진입유실 방지 자동보정] LONG WLFI/USDT:USDT exit=2026-05-24 09:10:59 미매칭수량=80.00000000 orderID=3592977027557433344 tradeID=None
[진입유실 방지 자동보정] LONG OKB/USDT:USDT exit=2026-05-31 18:57:18 미매칭수량=25.00000000 orderID=3614451154797404160 tradeID=None
[진입유실 방지 자동보정] SHORT OKB/USDT:USDT exit=2026-06-21 03:12:28 미매칭수량=22.00000000 orderID=3673430118722904064 tradeID=None
[진입유실 방지 자동보정] LONG RE/USDT:USDT exit=2026-06-24 23:21:51 미매칭수량=1.00000000 orderID=3684562219862007808 tradeID=None
[진입유실 방지 자동보정] SHORT RE/USDT:USDT exit=2026-06-30 18:07:49 미매칭수량=1.00000000 orderID=3701324632653242368 tradeID=None
[진입유실 방지 자동보정] LONG AAVE/USDT:USDT exit=2026-05-12 23:33:18 미매칭수량=4.00000000 orderID=3559923867163238400 tradeID=None
[진입유실 방지 자동보정] SHORT AAVE/USDT:USDT exit=2026-05-22 02:17:08 미매칭수량=11.20000000 orderID=3586345636740669440 tradeID=None
[진입유실 방지 자동보정] SHORT WLFI/USDT:USDT exit=2026-05-20 09:58:17 미매칭수량=82.00000000 orderID=3581475837464223744 tradeID=None
[진입유실 방지 자동보정] LONG WLFI/USDT:USDT exit=2026-05-24 09:10:59 미매칭수량=80.00000000 orderID=3592977027557433344 tradeID=None
[진입유실 방지 자동보정] LONG OKB/USDT:USDT exit=2026-05-31 18:57:18 미매칭수량=25.00000000 orderID=3614451154797404160 tradeID=None
[진입유실 방지 자동보정] SHORT OKB/USDT:USDT exit=2026-06-21 03:12:28 미매칭수량=22.00000000 orderID=3673430118722904064 tradeID=None
[진입유실 방지 자동보정] LONG RE/USDT:USDT exit=2026-06-24 23:21:51 미매칭수량=1.00000000 orderID=3684562219862007808 tradeID=None
[진입유실 방지 자동보정] SHORT RE/USDT:USDT exit=2026-06-30 18:07:49 미매칭수량=1.00000000 orderID=3701324632653242368 tradeID=None
[진입유실 방지 자동보정] LONG AAVE/USDT:USDT exit=2026-05-12 23:33:18 미매칭수량=4.00000000 orderID=3559923867163238400 tradeID=None
[진입유실 방지 자동보정] SHORT AAVE/USDT:USDT exit=2026-05-22 02:17:08 미매칭수량=11.20000000 orderID=3586345636740669440 tradeID=None
[진입유실 방지 자동보정] SHORT WLFI/USDT:USDT exit=2026-05-20 09:58:17 미매칭수량=82.00000000 orderID=3581475837464223744 tradeID=None
[진입유실 방지 자동보정] LONG WLFI/USDT:USDT exit=2026-05-24 09:10:59 미매칭수량=80.00000000 orderID=3592977027557433344 tradeID=None
[진입유실 방지 자동보정] LONG OKB/USDT:USDT exit=2026-05-31 18:57:18 미매칭수량=25.00000000 orderID=3614451154797404160 tradeID=None
[진입유실 방지 자동보정] SHORT OKB/USDT:USDT exit=2026-06-21 03:12:28 미매칭수량=22.00000000 orderID=3673430118722904064 tradeID=None
[진입유실 방지 자동보정] LONG RE/USDT:USDT exit=2026-06-24 23:21:51 미매칭수량=1.00000000 orderID=3684562219862007808 tradeID=None
[진입유실 방지 자동보정] SHORT RE/USDT:USDT exit=2026-06-30 18:07:49 미매칭수량=1.00000000 orderID=3701324632653242368 tradeID=None
[진입유실 방지 자동보정] LONG AAVE/USDT:USDT exit=2026-05-12 23:33:18 미매칭수량=4.00000000 orderID=3559923867163238400 tradeID=None
[진입유실 방지 자동보정] SHORT AAVE/USDT:USDT exit=2026-05-22 02:17:08 미매칭수량=11.20000000 orderID=3586345636740669440 tradeID=None
[진입유실 방지 자동보정] SHORT WLFI/USDT:USDT exit=2026-05-20 09:58:17 미매칭수량=82.00000000 orderID=3581475837464223744 tradeID=None
[진입유실 방지 자동보정] LONG WLFI/USDT:USDT exit=2026-05-24 09:10:59 미매칭수량=80.00000000 orderID=3592977027557433344 tradeID=None
[진입유실 방지 자동보정] LONG OKB/USDT:USDT exit=2026-05-31 18:57:18 미매칭수량=25.00000000 orderID=3614451154797404160 tradeID=None
[진입유실 방지 자동보정] SHORT OKB/USDT:USDT exit=2026-06-21 03:12:28 미매칭수량=22.00000000 orderID=3673430118722904064 tradeID=None
[진입유실 방지 자동보정] LONG RE/USDT:USDT exit=2026-06-24 23:21:51 미매칭수량=1.00000000 orderID=3684562219862007808 tradeID=None
[진입유실 방지 자동보정] SHORT RE/USDT:USDT exit=2026-06-30 18:07:49 미매칭수량=1.00000000 orderID=3701324632653242368 tradeID=None
[진입유실 방지 자동보정] LONG AAVE/USDT:USDT exit=2026-05-12 23:33:18 미매칭수량=4.00000000 orderID=3559923867163238400 tradeID=None
[진입유실 방지 자동보정] SHORT AAVE/USDT:USDT exit=2026-05-22 02:17:08 미매칭수량=11.20000000 orderID=3586345636740669440 tradeID=None
[진입유실 방지 자동보정] SHORT WLFI/USDT:USDT exit=2026-05-20 09:58:17 미매칭수량=82.00000000 orderID=3581475837464223744 tradeID=None
[진입유실 방지 자동보정] LONG WLFI/USDT:USDT exit=2026-05-24 09:10:59 미매칭수량=80.00000000 orderID=3592977027557433344 tradeID=None
[진입유실 방지 자동보정] LONG OKB/USDT:USDT exit=2026-05-31 18:57:18 미매칭수량=25.00000000 orderID=3614451154797404160 tradeID=None
[진입유실 방지 자동보정] SHORT OKB/USDT:USDT exit=2026-06-21 03:12:28 미매칭수량=22.00000000 orderID=3673430118722904064 tradeID=None
[진입유실 방지 자동보정] LONG RE/USDT:USDT exit=2026-06-24 23:21:51 미매칭수량=1.00000000 orderID=3684562219862007808 tradeID=None
[진입유실 방지 자동보정] SHORT RE/USDT:USDT exit=2026-06-30 18:07:49 미매칭수량=1.00000000 orderID=3701324632653242368 tradeID=None
